<?xml version="1.0" encoding="UTF-8"?>
<robot generator="Robot 6.0.2 (Python 3.11.2 on win32)" generated="20230427 22:58:11.587" rpa="false" schemaversion="3">
<suite id="s1" name="Panelscout Robotframework" source="C:\Users\Dell\Documents\GitHub\panelscout_robotframework">
<suite id="s1-s1" name="Test Login Rtf" source="C:\Users\Dell\Documents\GitHub\panelscout_robotframework\test_login_rtf.robot">
<test id="s1-s1-t1" name="Login to the system" line="22">
<kw name="Open login page">
<kw name="Open Browser" library="SeleniumLibrary">
<arg>${LOGIN URL}</arg>
<arg>${BROWSER}</arg>
<doc>Opens a new browser instance to the optional ``url``.</doc>
<msg timestamp="20230427 22:58:11.832" level="INFO">Opening browser 'Chrome' to base url 'https://scouts-test.futbolkolektyw.pl/en'.</msg>
<status status="PASS" starttime="20230427 22:58:11.832" endtime="20230427 22:58:14.239"/>
</kw>
<kw name="Title Should Be" library="SeleniumLibrary">
<arg>Scouts panel - sign in</arg>
<doc>Verifies that the current page title equals ``title``.</doc>
<msg timestamp="20230427 22:58:14.245" level="INFO">Page title is 'Scouts panel - sign in'.</msg>
<status status="PASS" starttime="20230427 22:58:14.239" endtime="20230427 22:58:14.245"/>
</kw>
<status status="PASS" starttime="20230427 22:58:11.832" endtime="20230427 22:58:14.245"/>
</kw>
<kw name="Type in email">
<kw name="Input Text" library="SeleniumLibrary">
<arg>${EMAILINPUT}</arg>
<arg>user07@getnada.com</arg>
<doc>Types the given ``text`` into the text field identified by ``locator``.</doc>
<msg timestamp="20230427 22:58:14.246" level="INFO">Typing text 'user07@getnada.com' into text field '//*[@id='login']'.</msg>
<status status="PASS" starttime="20230427 22:58:14.245" endtime="20230427 22:58:14.419"/>
</kw>
<status status="PASS" starttime="20230427 22:58:14.245" endtime="20230427 22:58:14.419"/>
</kw>
<kw name="Type in password">
<kw name="Input Text" library="SeleniumLibrary">
<arg>${PASSWORDINPUT}</arg>
<arg>Test-1234</arg>
<doc>Types the given ``text`` into the text field identified by ``locator``.</doc>
<msg timestamp="20230427 22:58:14.420" level="INFO">Typing text 'Test-1234' into text field '//*[@id='__next']/form/div/div[1]/div[2]/div[1]//input'.</msg>
<status status="PASS" starttime="20230427 22:58:14.419" endtime="20230427 22:58:14.535"/>
</kw>
<status status="PASS" starttime="20230427 22:58:14.419" endtime="20230427 22:58:14.535"/>
</kw>
<kw name="Click on the Submit button">
<kw name="Click Element" library="SeleniumLibrary">
<arg>${SIGNINBUTTON}</arg>
<doc>Click the element identified by ``locator``.</doc>
<msg timestamp="20230427 22:58:14.537" level="INFO">Clicking element '//*[@id='__next']/form/div/div[2]/button'.</msg>
<status status="PASS" starttime="20230427 22:58:14.537" endtime="20230427 22:58:14.591"/>
</kw>
<status status="PASS" starttime="20230427 22:58:14.537" endtime="20230427 22:58:14.592"/>
</kw>
<kw name="Assert dashboard">
<kw name="Wait Until Element Is Visible" library="SeleniumLibrary">
<arg>${PAGELOGO}</arg>
<doc>Waits until the element ``locator`` is visible.</doc>
<status status="PASS" starttime="20230427 22:58:14.592" endtime="20230427 22:58:14.628"/>
</kw>
<kw name="Title Should Be" library="SeleniumLibrary">
<arg>Scouts panel - sign in</arg>
<doc>Verifies that the current page title equals ``title``.</doc>
<msg timestamp="20230427 22:58:14.634" level="INFO">Page title is 'Scouts panel - sign in'.</msg>
<status status="PASS" starttime="20230427 22:58:14.628" endtime="20230427 22:58:14.635"/>
</kw>
<status status="PASS" starttime="20230427 22:58:14.592" endtime="20230427 22:58:14.635"/>
</kw>
<kw name="Close Browser" library="SeleniumLibrary" type="TEARDOWN">
<doc>Closes the current browser.</doc>
<status status="PASS" starttime="20230427 22:58:14.635" endtime="20230427 22:58:16.758"/>
</kw>
<status status="PASS" starttime="20230427 22:58:11.831" endtime="20230427 22:58:16.760"/>
</test>
<test id="s1-s1-t2" name="TC001" line="29">
<kw name="Open login page">
<kw name="Open Browser" library="SeleniumLibrary">
<arg>${LOGIN URL}</arg>
<arg>${BROWSER}</arg>
<doc>Opens a new browser instance to the optional ``url``.</doc>
<msg timestamp="20230427 22:58:16.769" level="INFO">Opening browser 'Chrome' to base url 'https://scouts-test.futbolkolektyw.pl/en'.</msg>
<status status="PASS" starttime="20230427 22:58:16.767" endtime="20230427 22:58:18.645"/>
</kw>
<kw name="Title Should Be" library="SeleniumLibrary">
<arg>Scouts panel - sign in</arg>
<doc>Verifies that the current page title equals ``title``.</doc>
<msg timestamp="20230427 22:58:18.652" level="INFO">Page title is 'Scouts panel - sign in'.</msg>
<status status="PASS" starttime="20230427 22:58:18.645" endtime="20230427 22:58:18.652"/>
</kw>
<status status="PASS" starttime="20230427 22:58:16.766" endtime="20230427 22:58:18.652"/>
</kw>
<kw name="Type in email">
<kw name="Input Text" library="SeleniumLibrary">
<arg>${EMAILINPUT}</arg>
<arg>user07@getnada.com</arg>
<doc>Types the given ``text`` into the text field identified by ``locator``.</doc>
<msg timestamp="20230427 22:58:18.653" level="INFO">Typing text 'user07@getnada.com' into text field '//*[@id='login']'.</msg>
<status status="PASS" starttime="20230427 22:58:18.652" endtime="20230427 22:58:18.832"/>
</kw>
<status status="PASS" starttime="20230427 22:58:18.652" endtime="20230427 22:58:18.832"/>
</kw>
<kw name="Type in password">
<kw name="Input Text" library="SeleniumLibrary">
<arg>${PASSWORDINPUT}</arg>
<arg>Test-1234</arg>
<doc>Types the given ``text`` into the text field identified by ``locator``.</doc>
<msg timestamp="20230427 22:58:18.833" level="INFO">Typing text 'Test-1234' into text field '//*[@id='__next']/form/div/div[1]/div[2]/div[1]//input'.</msg>
<status status="PASS" starttime="20230427 22:58:18.833" endtime="20230427 22:58:18.955"/>
</kw>
<status status="PASS" starttime="20230427 22:58:18.833" endtime="20230427 22:58:18.955"/>
</kw>
<kw name="Click on the Submit button">
<kw name="Click Element" library="SeleniumLibrary">
<arg>${SIGNINBUTTON}</arg>
<doc>Click the element identified by ``locator``.</doc>
<msg timestamp="20230427 22:58:18.958" level="INFO">Clicking element '//*[@id='__next']/form/div/div[2]/button'.</msg>
<status status="PASS" starttime="20230427 22:58:18.956" endtime="20230427 22:58:19.014"/>
</kw>
<status status="PASS" starttime="20230427 22:58:18.956" endtime="20230427 22:58:19.014"/>
</kw>
<kw name="Assert dashboard">
<kw name="Wait Until Element Is Visible" library="SeleniumLibrary">
<arg>${PAGELOGO}</arg>
<doc>Waits until the element ``locator`` is visible.</doc>
<status status="PASS" starttime="20230427 22:58:19.014" endtime="20230427 22:58:19.047"/>
</kw>
<kw name="Title Should Be" library="SeleniumLibrary">
<arg>Scouts panel - sign in</arg>
<doc>Verifies that the current page title equals ``title``.</doc>
<msg timestamp="20230427 22:58:19.057" level="INFO">Page title is 'Scouts panel - sign in'.</msg>
<status status="PASS" starttime="20230427 22:58:19.048" endtime="20230427 22:58:19.057"/>
</kw>
<status status="PASS" starttime="20230427 22:58:19.014" endtime="20230427 22:58:19.057"/>
</kw>
<kw name="Close Browser" library="SeleniumLibrary" type="TEARDOWN">
<doc>Closes the current browser.</doc>
<status status="PASS" starttime="20230427 22:58:19.059" endtime="20230427 22:58:21.186"/>
</kw>
<status status="PASS" starttime="20230427 22:58:16.765" endtime="20230427 22:58:21.187"/>
</test>
<test id="s1-s1-t3" name="TC002" line="36">
<kw name="Open login page">
<kw name="Open Browser" library="SeleniumLibrary">
<arg>${LOGIN URL}</arg>
<arg>${BROWSER}</arg>
<doc>Opens a new browser instance to the optional ``url``.</doc>
<msg timestamp="20230427 22:58:21.192" level="INFO">Opening browser 'Chrome' to base url 'https://scouts-test.futbolkolektyw.pl/en'.</msg>
<status status="PASS" starttime="20230427 22:58:21.190" endtime="20230427 22:58:23.265"/>
</kw>
<kw name="Title Should Be" library="SeleniumLibrary">
<arg>Scouts panel - sign in</arg>
<doc>Verifies that the current page title equals ``title``.</doc>
<msg timestamp="20230427 22:58:23.270" level="INFO">Page title is 'Scouts panel - sign in'.</msg>
<status status="PASS" starttime="20230427 22:58:23.266" endtime="20230427 22:58:23.270"/>
</kw>
<status status="PASS" starttime="20230427 22:58:21.190" endtime="20230427 22:58:23.270"/>
</kw>
<kw name="Type in incorrect email">
<kw name="Input Text" library="SeleniumLibrary">
<arg>${EMAILINPUT}</arg>
<arg>er07@getnada.com</arg>
<doc>Types the given ``text`` into the text field identified by ``locator``.</doc>
<msg timestamp="20230427 22:58:23.272" level="INFO">Typing text 'er07@getnada.com' into text field '//*[@id='login']'.</msg>
<status status="PASS" starttime="20230427 22:58:23.271" endtime="20230427 22:58:23.450"/>
</kw>
<status status="PASS" starttime="20230427 22:58:23.271" endtime="20230427 22:58:23.450"/>
</kw>
<kw name="Type in password">
<kw name="Input Text" library="SeleniumLibrary">
<arg>${PASSWORDINPUT}</arg>
<arg>Test-1234</arg>
<doc>Types the given ``text`` into the text field identified by ``locator``.</doc>
<msg timestamp="20230427 22:58:23.451" level="INFO">Typing text 'Test-1234' into text field '//*[@id='__next']/form/div/div[1]/div[2]/div[1]//input'.</msg>
<status status="PASS" starttime="20230427 22:58:23.450" endtime="20230427 22:58:23.566"/>
</kw>
<status status="PASS" starttime="20230427 22:58:23.450" endtime="20230427 22:58:23.567"/>
</kw>
<kw name="Click on the Submit button">
<kw name="Click Element" library="SeleniumLibrary">
<arg>${SIGNINBUTTON}</arg>
<doc>Click the element identified by ``locator``.</doc>
<msg timestamp="20230427 22:58:23.568" level="INFO">Clicking element '//*[@id='__next']/form/div/div[2]/button'.</msg>
<status status="PASS" starttime="20230427 22:58:23.567" endtime="20230427 22:58:23.622"/>
</kw>
<status status="PASS" starttime="20230427 22:58:23.567" endtime="20230427 22:58:23.622"/>
</kw>
<kw name="Get alert message">
<kw name="Wait Until Element Is Visible" library="SeleniumLibrary">
<arg>${ALERTMESSAGE}</arg>
<doc>Waits until the element ``locator`` is visible.</doc>
<status status="PASS" starttime="20230427 22:58:23.623" endtime="20230427 22:58:24.998"/>
</kw>
<kw name="Element Text Should Be" library="SeleniumLibrary">
<arg>${ALERTMESSAGE}</arg>
<arg>Identifier or password invalid.</arg>
<doc>Verifies that element ``locator`` contains exact the text ``expected``.</doc>
<msg timestamp="20230427 22:58:24.999" level="INFO">Verifying element '//*[text()='Identifier or password invalid.']' contains exact text 'Identifier or password invalid.'.</msg>
<status status="PASS" starttime="20230427 22:58:24.998" endtime="20230427 22:58:25.028"/>
</kw>
<status status="PASS" starttime="20230427 22:58:23.623" endtime="20230427 22:58:25.028"/>
</kw>
<kw name="Close Browser" library="SeleniumLibrary" type="TEARDOWN">
<doc>Closes the current browser.</doc>
<status status="PASS" starttime="20230427 22:58:25.029" endtime="20230427 22:58:27.156"/>
</kw>
<status status="PASS" starttime="20230427 22:58:21.189" endtime="20230427 22:58:27.157"/>
</test>
<test id="s1-s1-t4" name="TC003" line="43">
<kw name="Open login page">
<kw name="Open Browser" library="SeleniumLibrary">
<arg>${LOGIN URL}</arg>
<arg>${BROWSER}</arg>
<doc>Opens a new browser instance to the optional ``url``.</doc>
<msg timestamp="20230427 22:58:27.166" level="INFO">Opening browser 'Chrome' to base url 'https://scouts-test.futbolkolektyw.pl/en'.</msg>
<status status="PASS" starttime="20230427 22:58:27.164" endtime="20230427 22:58:29.767"/>
</kw>
<kw name="Title Should Be" library="SeleniumLibrary">
<arg>Scouts panel - sign in</arg>
<doc>Verifies that the current page title equals ``title``.</doc>
<msg timestamp="20230427 22:58:29.775" level="INFO">Page title is 'Scouts panel - sign in'.</msg>
<status status="PASS" starttime="20230427 22:58:29.768" endtime="20230427 22:58:29.775"/>
</kw>
<status status="PASS" starttime="20230427 22:58:27.163" endtime="20230427 22:58:29.777"/>
</kw>
<kw name="Type in email">
<kw name="Input Text" library="SeleniumLibrary">
<arg>${EMAILINPUT}</arg>
<arg>user07@getnada.com</arg>
<doc>Types the given ``text`` into the text field identified by ``locator``.</doc>
<msg timestamp="20230427 22:58:29.777" level="INFO">Typing text 'user07@getnada.com' into text field '//*[@id='login']'.</msg>
<status status="PASS" starttime="20230427 22:58:29.777" endtime="20230427 22:58:29.942"/>
</kw>
<status status="PASS" starttime="20230427 22:58:29.777" endtime="20230427 22:58:29.942"/>
</kw>
<kw name="Type in incorrect password">
<kw name="Input Text" library="SeleniumLibrary">
<arg>${PASSWORDINPUT}</arg>
<arg>Test-12</arg>
<doc>Types the given ``text`` into the text field identified by ``locator``.</doc>
<msg timestamp="20230427 22:58:29.942" level="INFO">Typing text 'Test-12' into text field '//*[@id='__next']/form/div/div[1]/div[2]/div[1]//input'.</msg>
<status status="PASS" starttime="20230427 22:58:29.942" endtime="20230427 22:58:30.055"/>
</kw>
<status status="PASS" starttime="20230427 22:58:29.942" endtime="20230427 22:58:30.055"/>
</kw>
<kw name="Click on the Submit button">
<kw name="Click Element" library="SeleniumLibrary">
<arg>${SIGNINBUTTON}</arg>
<doc>Click the element identified by ``locator``.</doc>
<msg timestamp="20230427 22:58:30.056" level="INFO">Clicking element '//*[@id='__next']/form/div/div[2]/button'.</msg>
<status status="PASS" starttime="20230427 22:58:30.056" endtime="20230427 22:58:30.109"/>
</kw>
<status status="PASS" starttime="20230427 22:58:30.055" endtime="20230427 22:58:30.109"/>
</kw>
<kw name="Get alert message">
<kw name="Wait Until Element Is Visible" library="SeleniumLibrary">
<arg>${ALERTMESSAGE}</arg>
<doc>Waits until the element ``locator`` is visible.</doc>
<status status="PASS" starttime="20230427 22:58:30.109" endtime="20230427 22:58:30.788"/>
</kw>
<kw name="Element Text Should Be" library="SeleniumLibrary">
<arg>${ALERTMESSAGE}</arg>
<arg>Identifier or password invalid.</arg>
<doc>Verifies that element ``locator`` contains exact the text ``expected``.</doc>
<msg timestamp="20230427 22:58:30.789" level="INFO">Verifying element '//*[text()='Identifier or password invalid.']' contains exact text 'Identifier or password invalid.'.</msg>
<status status="PASS" starttime="20230427 22:58:30.789" endtime="20230427 22:58:30.821"/>
</kw>
<status status="PASS" starttime="20230427 22:58:30.109" endtime="20230427 22:58:30.821"/>
</kw>
<kw name="Close Browser" library="SeleniumLibrary" type="TEARDOWN">
<doc>Closes the current browser.</doc>
<status status="PASS" starttime="20230427 22:58:30.821" endtime="20230427 22:58:32.958"/>
</kw>
<status status="PASS" starttime="20230427 22:58:27.161" endtime="20230427 22:58:32.960"/>
</test>
<test id="s1-s1-t5" name="TC004" line="50">
<kw name="Open login page">
<kw name="Open Browser" library="SeleniumLibrary">
<arg>${LOGIN URL}</arg>
<arg>${BROWSER}</arg>
<doc>Opens a new browser instance to the optional ``url``.</doc>
<msg timestamp="20230427 22:58:32.969" level="INFO">Opening browser 'Chrome' to base url 'https://scouts-test.futbolkolektyw.pl/en'.</msg>
<status status="PASS" starttime="20230427 22:58:32.967" endtime="20230427 22:58:34.847"/>
</kw>
<kw name="Title Should Be" library="SeleniumLibrary">
<arg>Scouts panel - sign in</arg>
<doc>Verifies that the current page title equals ``title``.</doc>
<msg timestamp="20230427 22:58:34.856" level="INFO">Page title is 'Scouts panel - sign in'.</msg>
<status status="PASS" starttime="20230427 22:58:34.847" endtime="20230427 22:58:34.856"/>
</kw>
<status status="PASS" starttime="20230427 22:58:32.966" endtime="20230427 22:58:34.857"/>
</kw>
<kw name="Type in email">
<kw name="Input Text" library="SeleniumLibrary">
<arg>${EMAILINPUT}</arg>
<arg>user07@getnada.com</arg>
<doc>Types the given ``text`` into the text field identified by ``locator``.</doc>
<msg timestamp="20230427 22:58:34.857" level="INFO">Typing text 'user07@getnada.com' into text field '//*[@id='login']'.</msg>
<status status="PASS" starttime="20230427 22:58:34.857" endtime="20230427 22:58:35.035"/>
</kw>
<status status="PASS" starttime="20230427 22:58:34.857" endtime="20230427 22:58:35.035"/>
</kw>
<kw name="Type in password">
<kw name="Input Text" library="SeleniumLibrary">
<arg>${PASSWORDINPUT}</arg>
<arg>Test-1234</arg>
<doc>Types the given ``text`` into the text field identified by ``locator``.</doc>
<msg timestamp="20230427 22:58:35.036" level="INFO">Typing text 'Test-1234' into text field '//*[@id='__next']/form/div/div[1]/div[2]/div[1]//input'.</msg>
<status status="PASS" starttime="20230427 22:58:35.036" endtime="20230427 22:58:35.163"/>
</kw>
<status status="PASS" starttime="20230427 22:58:35.036" endtime="20230427 22:58:35.163"/>
</kw>
<kw name="Click on the remind password hyperlink">
<kw name="Click Element" library="SeleniumLibrary">
<arg>${REMINDPASSWORD}</arg>
<doc>Click the element identified by ``locator``.</doc>
<msg timestamp="20230427 22:58:35.164" level="INFO">Clicking element '//*[@id='__next']/form/div/div[1]/a'.</msg>
<status status="PASS" starttime="20230427 22:58:35.163" endtime="20230427 22:58:35.245"/>
</kw>
<kw name="Wait Until Element Is Visible" library="SeleniumLibrary">
<arg>${SEND}</arg>
<doc>Waits until the element ``locator`` is visible.</doc>
<status status="PASS" starttime="20230427 22:58:35.245" endtime="20230427 22:58:35.271"/>
</kw>
<status status="PASS" starttime="20230427 22:58:35.163" endtime="20230427 22:58:35.271"/>
</kw>
<kw name="Assert remind password page">
<kw name="Title Should Be" library="SeleniumLibrary">
<arg>Remind password</arg>
<doc>Verifies that the current page title equals ``title``.</doc>
<msg timestamp="20230427 22:58:35.277" level="INFO">Page title is 'Remind password'.</msg>
<status status="PASS" starttime="20230427 22:58:35.272" endtime="20230427 22:58:35.277"/>
</kw>
<status status="PASS" starttime="20230427 22:58:35.272" endtime="20230427 22:58:35.277"/>
</kw>
<kw name="Close Browser" library="SeleniumLibrary" type="TEARDOWN">
<doc>Closes the current browser.</doc>
<status status="PASS" starttime="20230427 22:58:35.278" endtime="20230427 22:58:37.428"/>
</kw>
<status status="PASS" starttime="20230427 22:58:32.964" endtime="20230427 22:58:37.430"/>
</test>
<test id="s1-s1-t6" name="TC005" line="57">
<kw name="Open login page">
<kw name="Open Browser" library="SeleniumLibrary">
<arg>${LOGIN URL}</arg>
<arg>${BROWSER}</arg>
<doc>Opens a new browser instance to the optional ``url``.</doc>
<msg timestamp="20230427 22:58:37.434" level="INFO">Opening browser 'Chrome' to base url 'https://scouts-test.futbolkolektyw.pl/en'.</msg>
<status status="PASS" starttime="20230427 22:58:37.433" endtime="20230427 22:58:39.383"/>
</kw>
<kw name="Title Should Be" library="SeleniumLibrary">
<arg>Scouts panel - sign in</arg>
<doc>Verifies that the current page title equals ``title``.</doc>
<msg timestamp="20230427 22:58:39.391" level="INFO">Page title is 'Scouts panel - sign in'.</msg>
<status status="PASS" starttime="20230427 22:58:39.383" endtime="20230427 22:58:39.391"/>
</kw>
<status status="PASS" starttime="20230427 22:58:37.433" endtime="20230427 22:58:39.391"/>
</kw>
<kw name="Type in email">
<kw name="Input Text" library="SeleniumLibrary">
<arg>${EMAILINPUT}</arg>
<arg>user07@getnada.com</arg>
<doc>Types the given ``text`` into the text field identified by ``locator``.</doc>
<msg timestamp="20230427 22:58:39.393" level="INFO">Typing text 'user07@getnada.com' into text field '//*[@id='login']'.</msg>
<status status="PASS" starttime="20230427 22:58:39.393" endtime="20230427 22:58:39.571"/>
</kw>
<status status="PASS" starttime="20230427 22:58:39.391" endtime="20230427 22:58:39.572"/>
</kw>
<kw name="Type in password">
<kw name="Input Text" library="SeleniumLibrary">
<arg>${PASSWORDINPUT}</arg>
<arg>Test-1234</arg>
<doc>Types the given ``text`` into the text field identified by ``locator``.</doc>
<msg timestamp="20230427 22:58:39.573" level="INFO">Typing text 'Test-1234' into text field '//*[@id='__next']/form/div/div[1]/div[2]/div[1]//input'.</msg>
<status status="PASS" starttime="20230427 22:58:39.572" endtime="20230427 22:58:39.732"/>
</kw>
<status status="PASS" starttime="20230427 22:58:39.572" endtime="20230427 22:58:39.732"/>
</kw>
<kw name="Click on the Submit button">
<kw name="Click Element" library="SeleniumLibrary">
<arg>${SIGNINBUTTON}</arg>
<doc>Click the element identified by ``locator``.</doc>
<msg timestamp="20230427 22:58:39.733" level="INFO">Clicking element '//*[@id='__next']/form/div/div[2]/button'.</msg>
<status status="PASS" starttime="20230427 22:58:39.733" endtime="20230427 22:58:39.786"/>
</kw>
<status status="PASS" starttime="20230427 22:58:39.733" endtime="20230427 22:58:39.786"/>
</kw>
<kw name="Click on the Add player">
<kw name="Wait Until Element Is Visible" library="SeleniumLibrary">
<arg>${ADDPLAYER}</arg>
<doc>Waits until the element ``locator`` is visible.</doc>
<status status="PASS" starttime="20230427 22:58:39.787" endtime="20230427 22:58:42.425"/>
</kw>
<kw name="Click Element" library="SeleniumLibrary">
<arg>${ADDPLAYER}</arg>
<doc>Click the element identified by ``locator``.</doc>
<msg timestamp="20230427 22:58:42.426" level="INFO">Clicking element '//*[text()='Add player']'.</msg>
<status status="PASS" starttime="20230427 22:58:42.426" endtime="20230427 22:58:42.476"/>
</kw>
<status status="PASS" starttime="20230427 22:58:39.787" endtime="20230427 22:58:42.476"/>
</kw>
<kw name="Type in name">
<kw name="Wait Until Element Is Visible" library="SeleniumLibrary">
<arg>${NAME}</arg>
<doc>Waits until the element ``locator`` is visible.</doc>
<status status="PASS" starttime="20230427 22:58:42.477" endtime="20230427 22:58:42.723"/>
</kw>
<kw name="Input Text" library="SeleniumLibrary">
<arg>${NAME}</arg>
<arg>AGNIESZKA</arg>
<doc>Types the given ``text`` into the text field identified by ``locator``.</doc>
<msg timestamp="20230427 22:58:42.723" level="INFO">Typing text 'AGNIESZKA' into text field '//*[@name='name']'.</msg>
<status status="PASS" starttime="20230427 22:58:42.723" endtime="20230427 22:58:42.854"/>
</kw>
<status status="PASS" starttime="20230427 22:58:42.477" endtime="20230427 22:58:42.854"/>
</kw>
<kw name="Type in surname">
<kw name="Input Text" library="SeleniumLibrary">
<arg>${SURNAME}</arg>
<arg>SKWIRA</arg>
<doc>Types the given ``text`` into the text field identified by ``locator``.</doc>
<msg timestamp="20230427 22:58:42.856" level="INFO">Typing text 'SKWIRA' into text field '//*[@name='surname']'.</msg>
<status status="PASS" starttime="20230427 22:58:42.855" endtime="20230427 22:58:42.986"/>
</kw>
<status status="PASS" starttime="20230427 22:58:42.855" endtime="20230427 22:58:42.987"/>
</kw>
<kw name="Close Browser" library="SeleniumLibrary" type="TEARDOWN">
<doc>Closes the current browser.</doc>
<status status="PASS" starttime="20230427 22:58:42.987" endtime="20230427 22:58:45.133"/>
</kw>
<status status="PASS" starttime="20230427 22:58:37.432" endtime="20230427 22:58:45.133"/>
</test>
<doc>Suite description #automated tests for scout website</doc>
<status status="PASS" starttime="20230427 22:58:11.611" endtime="20230427 22:58:45.139"/>
</suite>
<status status="PASS" starttime="20230427 22:58:11.589" endtime="20230427 22:58:45.146"/>
</suite>
<statistics>
<total>
<stat pass="6" fail="0" skip="0">All Tests</stat>
</total>
<tag>
</tag>
<suite>
<stat pass="6" fail="0" skip="0" id="s1" name="Panelscout Robotframework">Panelscout Robotframework</stat>
<stat pass="6" fail="0" skip="0" id="s1-s1" name="Test Login Rtf">Panelscout Robotframework.Test Login Rtf</stat>
</suite>
</statistics>
<errors>
</errors>
</robot>
